# JRE version: Java(TM) SE Runtime Environment (8.0_51-b16) (build 1.8.0_51-b16)
# Java VM: Java HotSpot(TM) 64-Bit Server VM (25.51-b03 mixed mode linux-amd64 compressed oops)
Heap:
 PSYoungGen      total 301056K, used 0K [0x00000000eab00000, 0x0000000100000000, 0x0000000100000000)
  eden space 259072K, 0% used [0x00000000eab00000,0x00000000eab00000,0x00000000fa800000)
  from space 41984K, 0% used [0x00000000fd700000,0x00000000fd700000,0x0000000100000000)
  to   space 45056K, 0% used [0x00000000fa800000,0x00000000fa800000,0x00000000fd400000)
 ParOldGen       total 183808K, used 148317K [0x00000000c0000000, 0x00000000cb380000, 0x00000000eab00000)
  object space 183808K, 80% used [0x00000000c0000000,0x00000000c90d7450,0x00000000cb380000)
 Metaspace       used 72413K, capacity 74440K, committed 74668K, reserved 1116160K
  class space    used 7502K, capacity 8085K, committed 8192K, reserved 1048576K
GC Heap History (10 events):
Event: 109.676 GC heap after
Heap after GC invocations=44 (full 6):
 PSYoungGen      total 315904K, used 24059K [0x00000000eab00000, 0x0000000100000000, 0x0000000100000000)
  eden space 291840K, 0% used [0x00000000eab00000,0x00000000eab00000,0x00000000fc800000)
  from space 24064K, 99% used [0x00000000fe880000,0x00000000ffffed30,0x0000000100000000)
  to   space 28672K, 0% used [0x00000000fc800000,0x00000000fc800000,0x00000000fe400000)
 ParOldGen       total 183808K, used 96522K [0x00000000c0000000, 0x00000000cb380000, 0x00000000eab00000)
  object space 183808K, 52% used [0x00000000c0000000,0x00000000c5e429b8,0x00000000cb380000)
 Metaspace       used 65162K, capacity 67012K, committed 67328K, reserved 1110016K
  class space    used 6609K, capacity 7143K, committed 7168K, reserved 1048576K
}
Event: 111.028 GC heap before
{Heap before GC invocations=45 (full 6):
 PSYoungGen      total 315904K, used 315899K [0x00000000eab00000, 0x0000000100000000, 0x0000000100000000)
  eden space 291840K, 100% used [0x00000000eab00000,0x00000000fc800000,0x00000000fc800000)
  from space 24064K, 99% used [0x00000000fe880000,0x00000000ffffed30,0x0000000100000000)
  to   space 28672K, 0% used [0x00000000fc800000,0x00000000fc800000,0x00000000fe400000)
 ParOldGen       total 183808K, used 96522K [0x00000000c0000000, 0x00000000cb380000, 0x00000000eab00000)
  object space 183808K, 52% used [0x00000000c0000000,0x00000000c5e429b8,0x00000000cb380000)
 Metaspace       used 66634K, capacity 68480K, committed 68864K, reserved 1110016K
  class space    used 6837K, capacity 7386K, committed 7424K, reserved 1048576K
Event: 111.096 GC heap after
Heap after GC invocations=45 (full 6):
 PSYoungGen      total 320512K, used 28663K [0x00000000eab00000, 0x0000000100000000, 0x0000000100000000)
  eden space 291840K, 0% used [0x00000000eab00000,0x00000000eab00000,0x00000000fc800000)
  from space 28672K, 99% used [0x00000000fc800000,0x00000000fe3fde70,0x00000000fe400000)
  to   space 28672K, 0% used [0x00000000fe400000,0x00000000fe400000,0x0000000100000000)
 ParOldGen       total 183808K, used 102220K [0x00000000c0000000, 0x00000000cb380000, 0x00000000eab00000)
  object space 183808K, 55% used [0x00000000c0000000,0x00000000c63d3390,0x00000000cb380000)
 Metaspace       used 66634K, capacity 68480K, committed 68864K, reserved 1110016K
  class space    used 6837K, capacity 7386K, committed 7424K, reserved 1048576K
}
Event: 112.745 GC heap before
{Heap before GC invocations=46 (full 6):
 PSYoungGen      total 320512K, used 314514K [0x00000000eab00000, 0x0000000100000000, 0x0000000100000000)
  eden space 291840K, 97% used [0x00000000eab00000,0x00000000fc226d50,0x00000000fc800000)
  from space 28672K, 99% used [0x00000000fc800000,0x00000000fe3fde70,0x00000000fe400000)
  to   space 28672K, 0% used [0x00000000fe400000,0x00000000fe400000,0x0000000100000000)
 ParOldGen       total 183808K, used 102220K [0x00000000c0000000, 0x00000000cb380000, 0x00000000eab00000)
  object space 183808K, 55% used [0x00000000c0000000,0x00000000c63d3390,0x00000000cb380000)
 Metaspace       used 69613K, capacity 71546K, committed 72064K, reserved 1114112K
  class space    used 7169K, capacity 7717K, committed 7808K, reserved 1048576K
Event: 112.824 GC heap after
Heap after GC invocations=46 (full 6):
 PSYoungGen      total 300032K, used 27765K [0x00000000eab00000, 0x0000000100000000, 0x0000000100000000)
  eden space 271360K, 0% used [0x00000000eab00000,0x00000000eab00000,0x00000000fb400000)
  from space 28672K, 96% used [0x00000000fe400000,0x00000000fff1d770,0x0000000100000000)
  to   space 38912K, 0% used [0x00000000fb400000,0x00000000fb400000,0x00000000fda00000)
 ParOldGen       total 183808K, used 115927K [0x00000000c0000000, 0x00000000cb380000, 0x00000000eab00000)
  object space 183808K, 63% used [0x00000000c0000000,0x00000000c7135f18,0x00000000cb380000)
 Metaspace       used 69613K, capacity 71546K, committed 72064K, reserved 1114112K
  class space    used 7169K, capacity 7717K, committed 7808K, reserved 1048576K
}
Event: 113.620 GC heap before
{Heap before GC invocations=47 (full 6):
 PSYoungGen      total 300032K, used 293043K [0x00000000eab00000, 0x0000000100000000, 0x0000000100000000)
  eden space 271360K, 97% used [0x00000000eab00000,0x00000000fae0f490,0x00000000fb400000)
  from space 28672K, 96% used [0x00000000fe400000,0x00000000fff1d770,0x0000000100000000)
  to   space 38912K, 0% used [0x00000000fb400000,0x00000000fb400000,0x00000000fda00000)
 ParOldGen       total 183808K, used 115927K [0x00000000c0000000, 0x00000000cb380000, 0x00000000eab00000)
  object space 183808K, 63% used [0x00000000c0000000,0x00000000c7135f18,0x00000000cb380000)
 Metaspace       used 70628K, capacity 72532K, committed 72960K, reserved 1114112K
  class space    used 7312K, capacity 7852K, committed 7936K, reserved 1048576K
Event: 113.686 GC heap after
Heap after GC invocations=47 (full 6):
 PSYoungGen      total 302080K, used 30298K [0x00000000eab00000, 0x0000000100000000, 0x0000000100000000)
  eden space 271360K, 0% used [0x00000000eab00000,0x00000000eab00000,0x00000000fb400000)
  from space 30720K, 98% used [0x00000000fb400000,0x00000000fd196920,0x00000000fd200000)
  to   space 41984K, 0% used [0x00000000fd700000,0x00000000fd700000,0x0000000100000000)
 ParOldGen       total 183808K, used 115935K [0x00000000c0000000, 0x00000000cb380000, 0x00000000eab00000)
  object space 183808K, 63% used [0x00000000c0000000,0x00000000c7137f18,0x00000000cb380000)
 Metaspace       used 70628K, capacity 72532K, committed 72960K, reserved 1114112K
  class space    used 7312K, capacity 7852K, committed 7936K, reserved 1048576K
}
Event: 114.646 GC heap before
{Heap before GC invocations=48 (full 6):
 PSYoungGen      total 302080K, used 191226K [0x00000000eab00000, 0x0000000100000000, 0x0000000100000000)
  eden space 271360K, 59% used [0x00000000eab00000,0x00000000f4828158,0x00000000fb400000)
  from space 30720K, 98% used [0x00000000fb400000,0x00000000fd196920,0x00000000fd200000)
  to   space 41984K, 0% used [0x00000000fd700000,0x00000000fd700000,0x0000000100000000)
 ParOldGen       total 183808K, used 115935K [0x00000000c0000000, 0x00000000cb380000, 0x00000000eab00000)
  object space 183808K, 63% used [0x00000000c0000000,0x00000000c7137f18,0x00000000cb380000)
 Metaspace       used 72416K, capacity 74446K, committed 74668K, reserved 1116160K
  class space    used 7502K, capacity 8086K, committed 8192K, reserved 1048576K
Event: 114.771 GC heap after
Heap after GC invocations=48 (full 6):
 PSYoungGen      total 301056K, used 31317K [0x00000000eab00000, 0x0000000100000000, 0x0000000100000000)
  eden space 259072K, 0% used [0x00000000eab00000,0x00000000eab00000,0x00000000fa800000)
  from space 41984K, 74% used [0x00000000fd700000,0x00000000ff5957a8,0x0000000100000000)
  to   space 45056K, 0% used [0x00000000fa800000,0x00000000fa800000,0x00000000fd400000)
 ParOldGen       total 183808K, used 121272K [0x00000000c0000000, 0x00000000cb380000, 0x00000000eab00000)
  object space 183808K, 65% used [0x00000000c0000000,0x00000000c766e2b8,0x00000000cb380000)
 Metaspace       used 72416K, capacity 74446K, committed 74668K, reserved 1116160K
  class space    used 7502K, capacity 8086K, committed 8192K, reserved 1048576K
}
Event: 114.771 GC heap before
{Heap before GC invocations=49 (full 7):
 PSYoungGen      total 301056K, used 31317K [0x00000000eab00000, 0x0000000100000000, 0x0000000100000000)
  eden space 259072K, 0% used [0x00000000eab00000,0x00000000eab00000,0x00000000fa800000)
  from space 41984K, 74% used [0x00000000fd700000,0x00000000ff5957a8,0x0000000100000000)
  to   space 45056K, 0% used [0x00000000fa800000,0x00000000fa800000,0x00000000fd400000)
 ParOldGen       total 183808K, used 121272K [0x00000000c0000000, 0x00000000cb380000, 0x00000000eab00000)
  object space 183808K, 65% used [0x00000000c0000000,0x00000000c766e2b8,0x00000000cb380000)
 Metaspace       used 72416K, capacity 74446K, committed 74668K, reserved 1116160K
  class space    used 7502K, capacity 8086K, committed 8192K, reserved 1048576K

